[debug] [2023-02-14T14:40:11.505Z] ----------------------------------------------------------------------
[debug] [2023-02-14T14:40:11.507Z] Command:       C:\Program Files\nodejs\node.exe C:\Users\user\AppData\Roaming\npm\node_modules\firebase-tools\lib\bin\firebase.js init
[debug] [2023-02-14T14:40:11.508Z] CLI Version:   11.23.0
[debug] [2023-02-14T14:40:11.508Z] Platform:      win32
[debug] [2023-02-14T14:40:11.508Z] Node Version:  v16.15.1
[debug] [2023-02-14T14:40:11.519Z] Time:          Tue Feb 14 2023 20:40:11 GMT+0600 (Bangladesh Standard Time)
[debug] [2023-02-14T14:40:11.520Z] ----------------------------------------------------------------------
[debug] 
[debug] [2023-02-14T14:40:11.528Z] > command requires scopes: ["email","openid","https://www.googleapis.com/auth/cloudplatformprojects.readonly","https://www.googleapis.com/auth/firebase","https://www.googleapis.com/auth/cloud-platform"]
[debug] [2023-02-14T14:40:11.528Z] > authorizing via signed-in user (smjalsaba11757@gmail.com)
[info] 
     ######## #### ########  ######## ########     ###     ######  ########
     ##        ##  ##     ## ##       ##     ##  ##   ##  ##       ##
     ######    ##  ########  ######   ########  #########  ######  ######
     ##        ##  ##    ##  ##       ##     ## ##     ##       ## ##
     ##       #### ##     ## ######## ########  ##     ##  ######  ########

You're about to initialize a Firebase project in this directory:

  C:\Users\user\Desktop\Safar-EndGame\safar-client

[info] 
=== Project Setup
[info] 
[info] First, let's associate this project directory with a Firebase project.
[info] You can create multiple project aliases by running firebase use --add, 
[info] but for now we'll just set up a default project.
[info] 
[debug] [2023-02-14T14:40:31.268Z] >>> [apiv2][query] GET https://firebase.googleapis.com/v1beta1/projects pageSize=100
[debug] [2023-02-14T14:40:32.435Z] <<< [apiv2][status] GET https://firebase.googleapis.com/v1beta1/projects 200
[debug] [2023-02-14T14:40:32.435Z] <<< [apiv2][body] GET https://firebase.googleapis.com/v1beta1/projects [omitted]
